# JRE version: OpenJDK Runtime Environment Temurin-17.0.6+10 (17.0.6+10) (build 17.0.6+10)
# Java VM: OpenJDK 64-Bit Server VM Temurin-17.0.6+10 (17.0.6+10, mixed mode, emulated-client, tiered, compressed oops, compressed class ptrs, g1 gc, windows-amd64)
GC Precious Log:
 CPUs: 8 total, 8 available
 Memory: 7975M
 Large Page Support: Disabled
 NUMA Support: Disabled
 Compressed Oops: Enabled (32-bit)
 Heap Region Size: 1M
 Heap Min Capacity: 8M
 Heap Initial Capacity: 126M
 Heap Max Capacity: 1G
 Pre-touch: Disabled
 Parallel Workers: 8
 Concurrent Workers: 2
 Concurrent Refinement Workers: 8
 Periodic GC: Disabled
Heap:
 garbage-first heap   total 235520K, used 80505K [0x00000000c0000000, 0x0000000100000000)
  region size 1024K, 1 young (1024K), 0 survivors (0K)
 Metaspace       used 72715K, committed 73344K, reserved 1114112K
  class space    used 9956K, committed 10240K, reserved 1048576K
GC Heap History (20 events):
Event: 2365.519 GC heap before
{Heap before GC invocations=231 (full 171):
 garbage-first heap   total 235520K, used 80505K [0x00000000c0000000, 0x0000000100000000)
  region size 1024K, 1 young (1024K), 0 survivors (0K)
 Metaspace       used 72715K, committed 73344K, reserved 1114112K
  class space    used 9956K, committed 10240K, reserved 1048576K
}
Event: 2365.639 GC heap after
{Heap after GC invocations=232 (full 172):
 garbage-first heap   total 235520K, used 80505K [0x00000000c0000000, 0x0000000100000000)
  region size 1024K, 0 young (0K), 0 survivors (0K)
 Metaspace       used 72715K, committed 73344K, reserved 1114112K
  class space    used 9956K, committed 10240K, reserved 1048576K
}
Event: 2375.824 GC heap before
{Heap before GC invocations=232 (full 172):
 garbage-first heap   total 235520K, used 80505K [0x00000000c0000000, 0x0000000100000000)
  region size 1024K, 1 young (1024K), 0 survivors (0K)
 Metaspace       used 72715K, committed 73344K, reserved 1114112K
  class space    used 9956K, committed 10240K, reserved 1048576K
}
Event: 2375.921 GC heap after
{Heap after GC invocations=233 (full 173):
 garbage-first heap   total 235520K, used 80505K [0x00000000c0000000, 0x0000000100000000)
  region size 1024K, 0 young (0K), 0 survivors (0K)
 Metaspace       used 72715K, committed 73344K, reserved 1114112K
  class space    used 9956K, committed 10240K, reserved 1048576K
}
Event: 2386.056 GC heap before
{Heap before GC invocations=233 (full 173):
 garbage-first heap   total 235520K, used 80505K [0x00000000c0000000, 0x0000000100000000)
  region size 1024K, 1 young (1024K), 0 survivors (0K)
 Metaspace       used 72715K, committed 73344K, reserved 1114112K
  class space    used 9956K, committed 10240K, reserved 1048576K
}
Event: 2386.154 GC heap after
{Heap after GC invocations=234 (full 174):
 garbage-first heap   total 235520K, used 80505K [0x00000000c0000000, 0x0000000100000000)
  region size 1024K, 0 young (0K), 0 survivors (0K)
 Metaspace       used 72715K, committed 73344K, reserved 1114112K
  class space    used 9956K, committed 10240K, reserved 1048576K
}
Event: 2396.312 GC heap before
{Heap before GC invocations=234 (full 174):
 garbage-first heap   total 235520K, used 80505K [0x00000000c0000000, 0x0000000100000000)
  region size 1024K, 1 young (1024K), 0 survivors (0K)
 Metaspace       used 72715K, committed 73344K, reserved 1114112K
  class space    used 9956K, committed 10240K, reserved 1048576K
}
Event: 2396.402 GC heap after
{Heap after GC invocations=235 (full 175):
 garbage-first heap   total 235520K, used 80505K [0x00000000c0000000, 0x0000000100000000)
  region size 1024K, 0 young (0K), 0 survivors (0K)
 Metaspace       used 72715K, committed 73344K, reserved 1114112K
  class space    used 9956K, committed 10240K, reserved 1048576K
}
Event: 2406.542 GC heap before
{Heap before GC invocations=235 (full 175):
 garbage-first heap   total 235520K, used 80505K [0x00000000c0000000, 0x0000000100000000)
  region size 1024K, 1 young (1024K), 0 survivors (0K)
 Metaspace       used 72715K, committed 73344K, reserved 1114112K
  class space    used 9956K, committed 10240K, reserved 1048576K
}
Event: 2406.625 GC heap after
{Heap after GC invocations=236 (full 176):
 garbage-first heap   total 235520K, used 80505K [0x00000000c0000000, 0x0000000100000000)
  region size 1024K, 0 young (0K), 0 survivors (0K)
 Metaspace       used 72715K, committed 73344K, reserved 1114112K
  class space    used 9956K, committed 10240K, reserved 1048576K
}
Event: 2416.783 GC heap before
{Heap before GC invocations=236 (full 176):
 garbage-first heap   total 235520K, used 80505K [0x00000000c0000000, 0x0000000100000000)
  region size 1024K, 1 young (1024K), 0 survivors (0K)
 Metaspace       used 72715K, committed 73344K, reserved 1114112K
  class space    used 9956K, committed 10240K, reserved 1048576K
}
Event: 2416.892 GC heap after
{Heap after GC invocations=237 (full 177):
 garbage-first heap   total 235520K, used 80505K [0x00000000c0000000, 0x0000000100000000)
  region size 1024K, 0 young (0K), 0 survivors (0K)
 Metaspace       used 72715K, committed 73344K, reserved 1114112K
  class space    used 9956K, committed 10240K, reserved 1048576K
}
Event: 2427.131 GC heap before
{Heap before GC invocations=237 (full 177):
 garbage-first heap   total 235520K, used 80505K [0x00000000c0000000, 0x0000000100000000)
  region size 1024K, 1 young (1024K), 0 survivors (0K)
 Metaspace       used 72715K, committed 73344K, reserved 1114112K
  class space    used 9956K, committed 10240K, reserved 1048576K
}
Event: 2427.240 GC heap after
{Heap after GC invocations=238 (full 178):
 garbage-first heap   total 235520K, used 80505K [0x00000000c0000000, 0x0000000100000000)
  region size 1024K, 0 young (0K), 0 survivors (0K)
 Metaspace       used 72715K, committed 73344K, reserved 1114112K
  class space    used 9956K, committed 10240K, reserved 1048576K
}
Event: 2437.345 GC heap before
{Heap before GC invocations=238 (full 178):
 garbage-first heap   total 235520K, used 80505K [0x00000000c0000000, 0x0000000100000000)
  region size 1024K, 1 young (1024K), 0 survivors (0K)
 Metaspace       used 72715K, committed 73344K, reserved 1114112K
  class space    used 9956K, committed 10240K, reserved 1048576K
}
Event: 2437.441 GC heap after
{Heap after GC invocations=239 (full 179):
 garbage-first heap   total 235520K, used 80505K [0x00000000c0000000, 0x0000000100000000)
  region size 1024K, 0 young (0K), 0 survivors (0K)
 Metaspace       used 72715K, committed 73344K, reserved 1114112K
  class space    used 9956K, committed 10240K, reserved 1048576K
}
Event: 2447.627 GC heap before
{Heap before GC invocations=239 (full 179):
 garbage-first heap   total 235520K, used 80505K [0x00000000c0000000, 0x0000000100000000)
  region size 1024K, 1 young (1024K), 0 survivors (0K)
 Metaspace       used 72715K, committed 73344K, reserved 1114112K
  class space    used 9956K, committed 10240K, reserved 1048576K
}
Event: 2447.706 GC heap after
{Heap after GC invocations=240 (full 180):
 garbage-first heap   total 235520K, used 80505K [0x00000000c0000000, 0x0000000100000000)
  region size 1024K, 0 young (0K), 0 survivors (0K)
 Metaspace       used 72715K, committed 73344K, reserved 1114112K
  class space    used 9956K, committed 10240K, reserved 1048576K
}
Event: 2457.856 GC heap before
{Heap before GC invocations=240 (full 180):
 garbage-first heap   total 235520K, used 80505K [0x00000000c0000000, 0x0000000100000000)
  region size 1024K, 1 young (1024K), 0 survivors (0K)
 Metaspace       used 72715K, committed 73344K, reserved 1114112K
  class space    used 9956K, committed 10240K, reserved 1048576K
}
Event: 2457.964 GC heap after
{Heap after GC invocations=241 (full 181):
 garbage-first heap   total 235520K, used 80505K [0x00000000c0000000, 0x0000000100000000)
  region size 1024K, 0 young (0K), 0 survivors (0K)
 Metaspace       used 72715K, committed 73344K, reserved 1114112K
  class space    used 9956K, committed 10240K, reserved 1048576K
}

